<?xml version="1.0" encoding="UTF-8"?>
<!-- Generated by org.testng.reporters.JUnitReportReporter -->
<testsuite hostname="DESKTOP-V7S3LVP" failures="0" tests="1" name="com.asatest.Test" time="8.071" errors="0" timestamp="2022-07-03T13:05:33 IST" skipped="0">
  <testcase classname="com.asatest.Test" name="test" time="8.071"/>
  <system-out/>
</testsuite> <!-- com.asatest.Test -->
